This file contains any messages produced by compilers while
running configure, to aid debugging if configure makes a mistake.

It was created by rtems-c-src-lib-libbsp-i386 configure 4.10.99.0, which was
generated by GNU Autoconf 2.68.  Invocation command line was

  $ ./configure --prefix=/home/phipse/Uni/os_shk/build --target=i386-rtems4.11 --enable-cxx

## --------- ##
## Platform. ##
## --------- ##

hostname = AAAARRGH
uname -m = x86_64
uname -r = 2.6.39-ARCH
uname -s = Linux
uname -v = #1 SMP PREEMPT Mon Jun 27 21:26:22 CEST 2011

/usr/bin/uname -p = unknown
/bin/uname -X     = unknown

/bin/arch              = x86_64
/usr/bin/arch -k       = unknown
/usr/convex/getsysinfo = unknown
/usr/bin/hostinfo      = unknown
/bin/machine           = unknown
/usr/bin/oslevel       = unknown
/bin/universe          = unknown

PATH: /home/phipse/Uni/os_shk/build/bin/
PATH: /bin
PATH: /usr/bin
PATH: /usr/local/bin
PATH: /usr/X11R6/bin
PATH: /sbin
PATH: /usr/sbin
PATH: /opt/kde/bin
PATH: /opt/plt/bin
PATH: /usr/share/eclipse
PATH: /opt/java/bin
PATH: /opt/java/jre/bin
PATH: /opt/openoffice/program
PATH: /opt/NX/bin
PATH: /opt/qt/bin
PATH: /opt/plan9/bin
PATH: /opt/firebird/bin
PATH: /opt/glest/bin
PATH: /opt/grass/bin
PATH: /opt/maven/bin
PATH: /usr/share/netbeans/bin
PATH: /opt/qgis/bin
PATH: /opt/texlive/bin
PATH: /opt/torcs/bin
PATH: /opt/wildfire/bin
PATH: /usr/bin/


## ----------- ##
## Core tests. ##
## ----------- ##

configure:1770: error: cannot find install-sh, install.sh, or shtool in ../../../../.. "."/../../../../..

## ---------------- ##
## Cache variables. ##
## ---------------- ##

ac_cv_env_RTEMS_BSP_FAMILY_set=
ac_cv_env_RTEMS_BSP_FAMILY_value=
ac_cv_env_RTEMS_BSP_set=
ac_cv_env_RTEMS_BSP_value=
ac_cv_env_RTEMS_CPU_MODEL_set=
ac_cv_env_RTEMS_CPU_MODEL_value=
ac_cv_env_build_alias_set=
ac_cv_env_build_alias_value=
ac_cv_env_host_alias_set=
ac_cv_env_host_alias_value=
ac_cv_env_target_alias_set=set
ac_cv_env_target_alias_value=i386-rtems4.11

## ----------------- ##
## Output variables. ##
## ----------------- ##

ACLOCAL=''
AMPOLISH3=''
AMPOLISH3_FALSE=''
AMPOLISH3_TRUE=''
AMTAR=''
AUTOCONF=''
AUTOHEADER=''
AUTOMAKE=''
AWK=''
CYGPATH_W=''
DEFS=''
ECHO_C=''
ECHO_N='-n'
ECHO_T=''
INSTALL_DATA=''
INSTALL_PROGRAM=''
INSTALL_SCRIPT=''
INSTALL_STRIP_PROGRAM=''
LIBOBJS=''
LIBS=''
LTLIBOBJS=''
MAINT=''
MAINTAINER_MODE_FALSE=''
MAINTAINER_MODE_TRUE=''
MAKE=''
MAKEINFO=''
MKDIR_P=''
PACKAGE=''
PACKAGE_BUGREPORT='http://www.rtems.org/bugzilla'
PACKAGE_NAME='rtems-c-src-lib-libbsp-i386'
PACKAGE_STRING='rtems-c-src-lib-libbsp-i386 4.10.99.0'
PACKAGE_TARNAME='rtems-c-src-lib-libbsp-i386'
PACKAGE_URL=''
PACKAGE_VERSION='4.10.99.0'
PATH_SEPARATOR=':'
PERL=''
PROJECT_INCLUDE=''
PROJECT_LIB=''
PROJECT_RELEASE=''
PROJECT_ROOT=''
PROJECT_TOPdir=''
RTEMS_BSP=''
RTEMS_BSP_FAMILY=''
RTEMS_CPU=''
RTEMS_CPU_MODEL=''
RTEMS_TOPdir=''
SET_MAKE=''
SHELL='/bin/sh'
STRIP=''
VERSION=''
am__isrc=''
am__leading_dot='.'
am__tar=''
am__untar=''
bindir='${exec_prefix}/bin'
build=''
build_alias=''
build_cpu=''
build_os=''
build_vendor=''
datadir='${datarootdir}'
datarootdir='${prefix}/share'
dirstamp=''
docdir='${datarootdir}/doc/${PACKAGE_TARNAME}'
dvidir='${docdir}'
exec_prefix='NONE'
host=''
host_alias=''
host_cpu=''
host_os=''
host_vendor=''
htmldir='${docdir}'
includedir='${prefix}/include'
infodir='${datarootdir}/info'
install_sh=''
libdir='${exec_prefix}/lib'
libexecdir='${exec_prefix}/libexec'
localedir='${datarootdir}/locale'
localstatedir='${prefix}/var'
mandir='${datarootdir}/man'
mkdir_p=''
oldincludedir='/usr/include'
pdfdir='${docdir}'
pkgdatadir=''
prefix='/home/phipse/Uni/os_shk/build'
program_transform_name='s,x,x,'
project_includedir=''
project_libdir=''
psdir='${docdir}'
sbindir='${exec_prefix}/sbin'
sharedstatedir='${prefix}/com'
subdirs=''
sysconfdir='${prefix}/etc'
target_alias='i386-rtems4.11'

## ----------- ##
## confdefs.h. ##
## ----------- ##

/* confdefs.h */
#define PACKAGE_NAME "rtems-c-src-lib-libbsp-i386"
#define PACKAGE_TARNAME "rtems-c-src-lib-libbsp-i386"
#define PACKAGE_VERSION "4.10.99.0"
#define PACKAGE_STRING "rtems-c-src-lib-libbsp-i386 4.10.99.0"
#define PACKAGE_BUGREPORT "http://www.rtems.org/bugzilla"
#define PACKAGE_URL ""

configure: exit 1
